<?xml version="1.0" encoding="UTF-8"?>
<testsuite xmlns:xsi="http://www.w3.org/2001/XMLSchema-instance" xsi:noNamespaceSchemaLocation="https://maven.apache.org/surefire/maven-surefire-plugin/xsd/surefire-test-report-3.0.xsd" version="3.0" name="com.gamelibrary.factory.GameFactoryTest" time="0.011" tests="10" errors="0" skipped="0" failures="0">
  <properties>
[...]
</properties>
  <testcase name="creaGiocoConAnnoFuturo" classname="com.gamelibrary.factory.GameFactoryTest" time="0.001">
    <system-err><![CDATA[giu 29, 2026 11:43:46 PM com.gamelibrary.factory.GameFactory crea
INFORMAZIONI: Tentativo di creazione gioco: titolo='Test Game', piattaforma=Steam, genere=RPG, anno=9999, voto=7
giu 29, 2026 11:43:46 PM com.gamelibrary.factory.GameFactory crea
AVVERTENZA: Creazione gioco fallita per 'Test Game': L'anno deve essere compreso tra 1970 e 2026.
]]></system-err>
  </testcase>
  <testcase name="creaGiocoConVotoTroppoBasso" classname="com.gamelibrary.factory.GameFactoryTest" time="0.001">
    <system-err><![CDATA[giu 29, 2026 11:43:46 PM com.gamelibrary.factory.GameFactory crea
INFORMAZIONI: Tentativo di creazione gioco: titolo='Test Game', piattaforma=Steam, genere=RPG, anno=2020, voto=0
giu 29, 2026 11:43:46 PM com.gamelibrary.factory.GameFactory crea
AVVERTENZA: Creazione gioco fallita per 'Test Game': Il voto deve essere compreso tra 1 e 10.
]]></system-err>
  </testcase>
  <testcase name="creaGiocoConVotoTroppoAlto" classname="com.gamelibrary.factory.GameFactoryTest" time="0.001">
    <system-err><![CDATA[giu 29, 2026 11:43:46 PM com.gamelibrary.factory.GameFactory crea
INFORMAZIONI: Tentativo di creazione gioco: titolo='Test Game', piattaforma=Steam, genere=Sport, anno=2020, voto=15
giu 29, 2026 11:43:46 PM com.gamelibrary.factory.GameFactory crea
AVVERTENZA: Creazione gioco fallita per 'Test Game': Il voto deve essere compreso tra 1 e 10.
]]></system-err>
  </testcase>
  <testcase name="dueGiochiConIdDiversi" classname="com.gamelibrary.factory.GameFactoryTest" time="0.001">
    <system-err><![CDATA[giu 29, 2026 11:43:46 PM com.gamelibrary.factory.GameFactory crea
INFORMAZIONI: Tentativo di creazione gioco: titolo='Gioco 1', piattaforma=Steam, genere=Azione, anno=2020, voto=7
giu 29, 2026 11:43:46 PM com.gamelibrary.factory.GameFactory crea
INFORMAZIONI: Gioco creato con successo: Gioco 1 (ID: 36153af4-a56c-49aa-b28f-f943099bbb2f)
giu 29, 2026 11:43:46 PM com.gamelibrary.factory.GameFactory crea
INFORMAZIONI: Tentativo di creazione gioco: titolo='Gioco 2', piattaforma=Xbox, genere=RPG, anno=2021, voto=8
giu 29, 2026 11:43:46 PM com.gamelibrary.factory.GameFactory crea
INFORMAZIONI: Gioco creato con successo: Gioco 2 (ID: 0b5250c6-dda8-4620-bd4f-dddf395a481b)
]]></system-err>
  </testcase>
  <testcase name="creaGiocoConAnnoTroppoBasso" classname="com.gamelibrary.factory.GameFactoryTest" time="0.0">
    <system-err><![CDATA[giu 29, 2026 11:43:46 PM com.gamelibrary.factory.GameFactory crea
INFORMAZIONI: Tentativo di creazione gioco: titolo='Test Game', piattaforma=Nintendo, genere=Puzzle, anno=1960, voto=5
giu 29, 2026 11:43:46 PM com.gamelibrary.factory.GameFactory crea
AVVERTENZA: Creazione gioco fallita per 'Test Game': L'anno deve essere compreso tra 1970 e 2026.
]]></system-err>
  </testcase>
  <testcase name="creaGiocoConPiattaformaNull" classname="com.gamelibrary.factory.GameFactoryTest" time="0.0">
    <system-err><![CDATA[giu 29, 2026 11:43:46 PM com.gamelibrary.factory.GameFactory crea
INFORMAZIONI: Tentativo di creazione gioco: titolo='Test Game', piattaforma=null, genere=Azione, anno=2020, voto=7
giu 29, 2026 11:43:46 PM com.gamelibrary.factory.GameFactory crea
AVVERTENZA: Creazione gioco fallita per 'Test Game': La piattaforma è obbligatoria.
]]></system-err>
  </testcase>
  <testcase name="creaGiocoConParametriValidi" classname="com.gamelibrary.factory.GameFactoryTest" time="0.002">
    <system-err><![CDATA[giu 29, 2026 11:43:46 PM com.gamelibrary.factory.GameFactory crea
INFORMAZIONI: Tentativo di creazione gioco: titolo='Dark Souls', piattaforma=PlayStation, genere=RPG, anno=2011, voto=10
giu 29, 2026 11:43:46 PM com.gamelibrary.factory.GameFactory crea
INFORMAZIONI: Gioco creato con successo: Dark Souls (ID: 55e9b15b-d6e1-484d-80b3-cb1cb9bd9770)
]]></system-err>
  </testcase>
  <testcase name="creaGiocoConGenereNull" classname="com.gamelibrary.factory.GameFactoryTest" time="0.001">
    <system-err><![CDATA[giu 29, 2026 11:43:46 PM com.gamelibrary.factory.GameFactory crea
INFORMAZIONI: Tentativo di creazione gioco: titolo='Test Game', piattaforma=Xbox, genere=null, anno=2020, voto=7
giu 29, 2026 11:43:46 PM com.gamelibrary.factory.GameFactory crea
AVVERTENZA: Creazione gioco fallita per 'Test Game': Il genere è obbligatorio.
]]></system-err>
  </testcase>
  <testcase name="creaGiocoConTitoloVuoto" classname="com.gamelibrary.factory.GameFactoryTest" time="0.0">
    <system-err><![CDATA[giu 29, 2026 11:43:46 PM com.gamelibrary.factory.GameFactory crea
INFORMAZIONI: Tentativo di creazione gioco: titolo='   ', piattaforma=Xbox, genere=Horror, anno=2019, voto=7
giu 29, 2026 11:43:46 PM com.gamelibrary.factory.GameFactory crea
AVVERTENZA: Creazione gioco fallita per '   ': Il titolo non può essere nullo o vuoto.
]]></system-err>
  </testcase>
  <testcase name="creaGiocoConTitoloNull" classname="com.gamelibrary.factory.GameFactoryTest" time="0.0">
    <system-err><![CDATA[giu 29, 2026 11:43:46 PM com.gamelibrary.factory.GameFactory crea
INFORMAZIONI: Tentativo di creazione gioco: titolo='null', piattaforma=Steam, genere=Azione, anno=2020, voto=8
giu 29, 2026 11:43:46 PM com.gamelibrary.factory.GameFactory crea
AVVERTENZA: Creazione gioco fallita per 'null': Il titolo non può essere nullo o vuoto.
]]></system-err>
  </testcase>
</testsuite>