<?xml version="1.0" encoding="UTF-8"?>
<testsuite xmlns:xsi="http://www.w3.org/2001/XMLSchema-instance" xsi:noNamespaceSchemaLocation="https://maven.apache.org/surefire/maven-surefire-plugin/xsd/surefire-test-report-3.0.xsd" version="3.0" name="com.gamelibrary.memento.MementoTest" time="0.081" tests="16" errors="0" skipped="0" failures="0">
  <properties>
[...]
</properties>
  <testcase name="annullaConGiocoNull" classname="com.gamelibrary.memento.MementoTest" time="0.036">
    <system-err><![CDATA[giu 29, 2026 11:43:45 PM com.gamelibrary.memento.CaretakerStorico <init>
INFORMAZIONI: CaretakerStorico inizializzato con limite massimo: 3
]]></system-err>
  </testcase>
  <testcase name="salvaStatoIncrementaDimensione" classname="com.gamelibrary.memento.MementoTest" time="0.003">
    <system-err><![CDATA[giu 29, 2026 11:43:45 PM com.gamelibrary.memento.CaretakerStorico <init>
INFORMAZIONI: CaretakerStorico inizializzato con limite massimo: 3
giu 29, 2026 11:43:45 PM com.gamelibrary.memento.CaretakerStorico salvaStato
INFORMAZIONI: Stato salvato per gioco 'Dark Souls' (ID: b3cbd257-814d-4f3a-82fb-872391cc5f94). Storico: 1/3
]]></system-err>
  </testcase>
  <testcase name="annullaConStoricoVuoto" classname="com.gamelibrary.memento.MementoTest" time="0.001">
    <system-err><![CDATA[giu 29, 2026 11:43:45 PM com.gamelibrary.memento.CaretakerStorico <init>
INFORMAZIONI: CaretakerStorico inizializzato con limite massimo: 3
giu 29, 2026 11:43:45 PM com.gamelibrary.memento.CaretakerStorico annullaUltimaModifica
INFORMAZIONI: Tentativo di annullamento con storico vuoto.
]]></system-err>
  </testcase>
  <testcase name="superamentoLimiteMaxScartaIlPiuVecchio" classname="com.gamelibrary.memento.MementoTest" time="0.003">
    <system-err><![CDATA[giu 29, 2026 11:43:45 PM com.gamelibrary.memento.CaretakerStorico <init>
INFORMAZIONI: CaretakerStorico inizializzato con limite massimo: 3
giu 29, 2026 11:43:45 PM com.gamelibrary.memento.CaretakerStorico salvaStato
INFORMAZIONI: Stato salvato per gioco 'Dark Souls' (ID: 5b94e07a-9742-47d6-9bd9-2b500fa3f6ba). Storico: 1/3
giu 29, 2026 11:43:45 PM com.gamelibrary.memento.CaretakerStorico salvaStato
INFORMAZIONI: Stato salvato per gioco 'Dark Souls' (ID: 5b94e07a-9742-47d6-9bd9-2b500fa3f6ba). Storico: 2/3
giu 29, 2026 11:43:45 PM com.gamelibrary.memento.CaretakerStorico salvaStato
INFORMAZIONI: Stato salvato per gioco 'Dark Souls' (ID: 5b94e07a-9742-47d6-9bd9-2b500fa3f6ba). Storico: 3/3
giu 29, 2026 11:43:45 PM com.gamelibrary.memento.CaretakerStorico salvaStato
INFORMAZIONI: Rimosso memento più vecchio dallo storico: Memento[5b94e07a — Dark Souls] (limite 3 raggiunto)
giu 29, 2026 11:43:45 PM com.gamelibrary.memento.CaretakerStorico salvaStato
INFORMAZIONI: Stato salvato per gioco 'Dark Souls' (ID: 5b94e07a-9742-47d6-9bd9-2b500fa3f6ba). Storico: 3/3
]]></system-err>
  </testcase>
  <testcase name="annullaPerGiocoDiverso" classname="com.gamelibrary.memento.MementoTest" time="0.003">
    <system-err><![CDATA[giu 29, 2026 11:43:45 PM com.gamelibrary.memento.CaretakerStorico <init>
INFORMAZIONI: CaretakerStorico inizializzato con limite massimo: 3
giu 29, 2026 11:43:45 PM com.gamelibrary.memento.CaretakerStorico salvaStato
INFORMAZIONI: Stato salvato per gioco 'Dark Souls' (ID: e30d6399-db9f-458c-a015-6cb663ab8547). Storico: 1/3
giu 29, 2026 11:43:45 PM com.gamelibrary.memento.CaretakerStorico annullaUltimaModifica
AVVERTENZA: Memento in cima allo stack appartiene al gioco 'Dark Souls' (ID: e30d6399-db9f-458c-a015-6cb663ab8547), non al gioco richiesto 'Elden Ring' (ID: 4c3e76a4-d6d8-4d45-9316-ae4ef759bad6). Annullamento non eseguito.
]]></system-err>
  </testcase>
  <testcase name="getLimiteMaxRestituisceLimite" classname="com.gamelibrary.memento.MementoTest" time="0.002">
    <system-err><![CDATA[giu 29, 2026 11:43:45 PM com.gamelibrary.memento.CaretakerStorico <init>
INFORMAZIONI: CaretakerStorico inizializzato con limite massimo: 3
]]></system-err>
  </testcase>
  <testcase name="ultimoStatoPeekSenzaRimuovere" classname="com.gamelibrary.memento.MementoTest" time="0.003">
    <system-err><![CDATA[giu 29, 2026 11:43:45 PM com.gamelibrary.memento.CaretakerStorico <init>
INFORMAZIONI: CaretakerStorico inizializzato con limite massimo: 3
giu 29, 2026 11:43:45 PM com.gamelibrary.memento.CaretakerStorico salvaStato
INFORMAZIONI: Stato salvato per gioco 'Dark Souls' (ID: d8c39900-4e06-4274-a3d8-d4a8945c7598). Storico: 1/3
]]></system-err>
  </testcase>
  <testcase name="ultimoStatoStoricoVuoto" classname="com.gamelibrary.memento.MementoTest" time="0.001">
    <system-err><![CDATA[giu 29, 2026 11:43:45 PM com.gamelibrary.memento.CaretakerStorico <init>
INFORMAZIONI: CaretakerStorico inizializzato con limite massimo: 3
]]></system-err>
  </testcase>
  <testcase name="ripristinaStatoPrecedente" classname="com.gamelibrary.memento.MementoTest" time="0.002">
    <system-err><![CDATA[giu 29, 2026 11:43:45 PM com.gamelibrary.memento.CaretakerStorico <init>
INFORMAZIONI: CaretakerStorico inizializzato con limite massimo: 3
giu 29, 2026 11:43:45 PM com.gamelibrary.memento.CaretakerStorico salvaStato
INFORMAZIONI: Stato salvato per gioco 'Dark Souls' (ID: 3c8006d8-55a7-4b18-bb68-8658af607314). Storico: 1/3
giu 29, 2026 11:43:45 PM com.gamelibrary.memento.CaretakerStorico annullaUltimaModifica
INFORMAZIONI: Stato ripristinato per gioco 'Dark Souls' (ID: 3c8006d8-55a7-4b18-bb68-8658af607314). Storico rimanente: 0/3
]]></system-err>
  </testcase>
  <testcase name="costruttoreConLimiteNegativo" classname="com.gamelibrary.memento.MementoTest" time="0.001">
    <system-err><![CDATA[giu 29, 2026 11:43:45 PM com.gamelibrary.memento.CaretakerStorico <init>
INFORMAZIONI: CaretakerStorico inizializzato con limite massimo: 3
]]></system-err>
  </testcase>
  <testcase name="costruttoreConLimiteZero" classname="com.gamelibrary.memento.MementoTest" time="0.001">
    <system-err><![CDATA[giu 29, 2026 11:43:45 PM com.gamelibrary.memento.CaretakerStorico <init>
INFORMAZIONI: CaretakerStorico inizializzato con limite massimo: 3
]]></system-err>
  </testcase>
  <testcase name="svuotaRimuoveTuttiIMemento" classname="com.gamelibrary.memento.MementoTest" time="0.002">
    <system-err><![CDATA[giu 29, 2026 11:43:45 PM com.gamelibrary.memento.CaretakerStorico <init>
INFORMAZIONI: CaretakerStorico inizializzato con limite massimo: 3
giu 29, 2026 11:43:45 PM com.gamelibrary.memento.CaretakerStorico salvaStato
INFORMAZIONI: Stato salvato per gioco 'Dark Souls' (ID: 29924a2b-5ea3-4c59-93a3-65c354f65bd9). Storico: 1/3
giu 29, 2026 11:43:45 PM com.gamelibrary.memento.CaretakerStorico salvaStato
INFORMAZIONI: Stato salvato per gioco 'Dark Souls' (ID: 29924a2b-5ea3-4c59-93a3-65c354f65bd9). Storico: 2/3
giu 29, 2026 11:43:45 PM com.gamelibrary.memento.CaretakerStorico svuota
INFORMAZIONI: Storico svuotato: rimossi 2 memento.
]]></system-err>
  </testcase>
  <testcase name="salvaStatoConGiocoNull" classname="com.gamelibrary.memento.MementoTest" time="0.001">
    <system-err><![CDATA[giu 29, 2026 11:43:45 PM com.gamelibrary.memento.CaretakerStorico <init>
INFORMAZIONI: CaretakerStorico inizializzato con limite massimo: 3
]]></system-err>
  </testcase>
  <testcase name="ripristinoMultiploInSequenzaLifo" classname="com.gamelibrary.memento.MementoTest" time="0.002">
    <system-err><![CDATA[giu 29, 2026 11:43:45 PM com.gamelibrary.memento.CaretakerStorico <init>
INFORMAZIONI: CaretakerStorico inizializzato con limite massimo: 3
giu 29, 2026 11:43:45 PM com.gamelibrary.memento.CaretakerStorico salvaStato
INFORMAZIONI: Stato salvato per gioco 'Dark Souls' (ID: 917f8708-d23e-41f2-b1ed-d123763b0d60). Storico: 1/3
giu 29, 2026 11:43:45 PM com.gamelibrary.memento.CaretakerStorico salvaStato
INFORMAZIONI: Stato salvato per gioco 'Dark Souls' (ID: 917f8708-d23e-41f2-b1ed-d123763b0d60). Storico: 2/3
giu 29, 2026 11:43:45 PM com.gamelibrary.memento.CaretakerStorico annullaUltimaModifica
INFORMAZIONI: Stato ripristinato per gioco 'Dark Souls' (ID: 917f8708-d23e-41f2-b1ed-d123763b0d60). Storico rimanente: 1/3
giu 29, 2026 11:43:45 PM com.gamelibrary.memento.CaretakerStorico annullaUltimaModifica
INFORMAZIONI: Stato ripristinato per gioco 'Dark Souls' (ID: 917f8708-d23e-41f2-b1ed-d123763b0d60). Storico rimanente: 0/3
]]></system-err>
  </testcase>
  <testcase name="salvaStatoMultipli" classname="com.gamelibrary.memento.MementoTest" time="0.002">
    <system-err><![CDATA[giu 29, 2026 11:43:45 PM com.gamelibrary.memento.CaretakerStorico <init>
INFORMAZIONI: CaretakerStorico inizializzato con limite massimo: 3
giu 29, 2026 11:43:45 PM com.gamelibrary.memento.CaretakerStorico salvaStato
INFORMAZIONI: Stato salvato per gioco 'Dark Souls' (ID: 434aeb75-75de-4073-a12a-226728939773). Storico: 1/3
giu 29, 2026 11:43:45 PM com.gamelibrary.memento.CaretakerStorico salvaStato
INFORMAZIONI: Stato salvato per gioco 'Dark Souls' (ID: 434aeb75-75de-4073-a12a-226728939773). Storico: 2/3
]]></system-err>
  </testcase>
  <testcase name="costruttoreDefaultLimiteDieci" classname="com.gamelibrary.memento.MementoTest" time="0.002">
    <system-err><![CDATA[giu 29, 2026 11:43:45 PM com.gamelibrary.memento.CaretakerStorico <init>
INFORMAZIONI: CaretakerStorico inizializzato con limite massimo: 3
giu 29, 2026 11:43:45 PM com.gamelibrary.memento.CaretakerStorico <init>
INFORMAZIONI: CaretakerStorico inizializzato con limite massimo: 10
]]></system-err>
  </testcase>
</testsuite>