<?xml version="1.0" encoding="UTF-8"?>
<testsuite xmlns:xsi="http://www.w3.org/2001/XMLSchema-instance" xsi:noNamespaceSchemaLocation="https://maven.apache.org/surefire/maven-surefire-plugin/xsd/surefire-test-report-3.0.xsd" version="3.0" name="com.gamelibrary.iterator.GameIteratorTest" time="0.008" tests="14" errors="0" skipped="0" failures="0">
  <properties>
[...]
</properties>
  <testcase name="iterazioneCompletaSuTreGiochi" classname="com.gamelibrary.iterator.GameIteratorTest" time="0.001"/>
  <testcase name="dimensioneCorretta" classname="com.gamelibrary.iterator.GameIteratorTest" time="0.0"/>
  <testcase name="filtraPerPiattaformaPlayStation" classname="com.gamelibrary.iterator.GameIteratorTest" time="0.001"/>
  <testcase name="resetFiltratoDopoIterazioneParziale" classname="com.gamelibrary.iterator.GameIteratorTest" time="0.0"/>
  <testcase name="predicatoNullLanciaEccezione" classname="com.gamelibrary.iterator.GameIteratorTest" time="0.001"/>
  <testcase name="prossimoOltreLimiteFiltrato" classname="com.gamelibrary.iterator.GameIteratorTest" time="0.001"/>
  <testcase name="listaVuotaNonHaElementi" classname="com.gamelibrary.iterator.GameIteratorTest" time="0.0"/>
  <testcase name="listaNullLanciaEccezione" classname="com.gamelibrary.iterator.GameIteratorTest" time="0.0"/>
  <testcase name="filtraPerVotoMinimo" classname="com.gamelibrary.iterator.GameIteratorTest" time="0.0"/>
  <testcase name="listaNullPerFiltratoLanciaEccezione" classname="com.gamelibrary.iterator.GameIteratorTest" time="0.0"/>
  <testcase name="prossimoSuListaEsauritaLanciaEccezione" classname="com.gamelibrary.iterator.GameIteratorTest" time="0.0"/>
  <testcase name="copiaDifensivaListaOriginale" classname="com.gamelibrary.iterator.GameIteratorTest" time="0.0"/>
  <testcase name="filtroSenzaRisultati" classname="com.gamelibrary.iterator.GameIteratorTest" time="0.0"/>
  <testcase name="resetRiportaCursoreAllinizio" classname="com.gamelibrary.iterator.GameIteratorTest" time="0.0"/>
</testsuite>