<?xml version="1.0" encoding="UTF-8"?>
<testsuite xmlns:xsi="http://www.w3.org/2001/XMLSchema-instance" xsi:noNamespaceSchemaLocation="https://maven.apache.org/surefire/maven-surefire-plugin/xsd/surefire-test-report-3.0.xsd" version="3.0" name="com.gamelibrary.service.GameLibraryServiceTest" time="0.442" tests="10" errors="0" skipped="0" failures="0">
  <properties>
[...]
</properties>
  <testcase name="aggiungiGiocoValido" classname="com.gamelibrary.service.GameLibraryServiceTest" time="0.407">
    <system-err><![CDATA[WARNING: A Java agent has been loaded dynamically (/Users/martinomarrosu/.m2/repository/net/bytebuddy/byte-buddy-agent/1.14.12/byte-buddy-agent-1.14.12.jar)
WARNING: If a serviceability tool is in use, please run with -XX:+EnableDynamicAgentLoading to hide this warning
WARNING: If a serviceability tool is not in use, please run with -Djdk.instrument.traceUsage for more information
WARNING: Dynamic loading of agents will be disallowed by default in a future release
giu 29, 2026 11:43:46 PM com.gamelibrary.memento.CaretakerStorico <init>
INFORMAZIONI: CaretakerStorico inizializzato con limite massimo: 10
giu 29, 2026 11:43:46 PM com.gamelibrary.service.GameLibraryService <init>
INFORMAZIONI: GameLibraryService inizializzato.
giu 29, 2026 11:43:46 PM com.gamelibrary.factory.GameFactory crea
INFORMAZIONI: Tentativo di creazione gioco: titolo='Dark Souls', piattaforma=PlayStation, genere=RPG, anno=2011, voto=10
giu 29, 2026 11:43:46 PM com.gamelibrary.factory.GameFactory crea
INFORMAZIONI: Gioco creato con successo: Dark Souls (ID: 153175b2-83a1-4071-a19e-61db9261ea4e)
giu 29, 2026 11:43:46 PM com.gamelibrary.service.GameLibraryService aggiungiGioco
INFORMAZIONI: Gioco aggiunto alla libreria: 'Dark Souls' (ID: 153175b2-83a1-4071-a19e-61db9261ea4e)
giu 29, 2026 11:43:46 PM com.gamelibrary.service.GameLibraryService salvaAsync
INFORMAZIONI: Salvataggio in corso ...
giu 29, 2026 11:43:46 PM com.gamelibrary.service.GameLibraryService shutdown
INFORMAZIONI: ExecutorService chiuso.
giu 29, 2026 11:43:46 PM com.gamelibrary.service.GameLibraryService lambda$salvaAsync$0
INFORMAZIONI: Libreria salvata (async): 1 giochi.
]]></system-err>
  </testcase>
  <testcase name="carica_popolaLaLibreriaConIDatiDellaPersistenza" classname="com.gamelibrary.service.GameLibraryServiceTest" time="0.003">
    <system-err><![CDATA[giu 29, 2026 11:43:46 PM com.gamelibrary.memento.CaretakerStorico <init>
INFORMAZIONI: CaretakerStorico inizializzato con limite massimo: 10
giu 29, 2026 11:43:46 PM com.gamelibrary.service.GameLibraryService <init>
INFORMAZIONI: GameLibraryService inizializzato.
giu 29, 2026 11:43:46 PM com.gamelibrary.service.GameLibraryService carica
INFORMAZIONI: Libreria caricata: 1 giochi.
giu 29, 2026 11:43:46 PM com.gamelibrary.service.GameLibraryService shutdown
INFORMAZIONI: ExecutorService chiuso.
]]></system-err>
  </testcase>
  <testcase name="annullaUltimaModificaVuoto" classname="com.gamelibrary.service.GameLibraryServiceTest" time="0.001">
    <system-err><![CDATA[giu 29, 2026 11:43:46 PM com.gamelibrary.memento.CaretakerStorico <init>
INFORMAZIONI: CaretakerStorico inizializzato con limite massimo: 10
giu 29, 2026 11:43:46 PM com.gamelibrary.service.GameLibraryService <init>
INFORMAZIONI: GameLibraryService inizializzato.
giu 29, 2026 11:43:46 PM com.gamelibrary.service.GameLibraryService shutdown
INFORMAZIONI: ExecutorService chiuso.
]]></system-err>
  </testcase>
  <testcase name="aggiungiGiocoTitoloNull" classname="com.gamelibrary.service.GameLibraryServiceTest" time="0.001">
    <system-err><![CDATA[giu 29, 2026 11:43:46 PM com.gamelibrary.memento.CaretakerStorico <init>
INFORMAZIONI: CaretakerStorico inizializzato con limite massimo: 10
giu 29, 2026 11:43:46 PM com.gamelibrary.service.GameLibraryService <init>
INFORMAZIONI: GameLibraryService inizializzato.
giu 29, 2026 11:43:46 PM com.gamelibrary.factory.GameFactory crea
INFORMAZIONI: Tentativo di creazione gioco: titolo='null', piattaforma=Steam, genere=Azione, anno=2020, voto=8
giu 29, 2026 11:43:46 PM com.gamelibrary.factory.GameFactory crea
AVVERTENZA: Creazione gioco fallita per 'null': Il titolo non può essere nullo o vuoto.
giu 29, 2026 11:43:46 PM com.gamelibrary.service.GameLibraryService aggiungiGioco
AVVERTENZA: Creazione gioco fallita: Impossibile creare il gioco 'null': Il titolo non può essere nullo o vuoto.
giu 29, 2026 11:43:46 PM com.gamelibrary.service.GameLibraryService shutdown
INFORMAZIONI: ExecutorService chiuso.
]]></system-err>
  </testcase>
  <testcase name="cercaPerIdInesistente" classname="com.gamelibrary.service.GameLibraryServiceTest" time="0.001">
    <system-err><![CDATA[giu 29, 2026 11:43:46 PM com.gamelibrary.memento.CaretakerStorico <init>
INFORMAZIONI: CaretakerStorico inizializzato con limite massimo: 10
giu 29, 2026 11:43:46 PM com.gamelibrary.service.GameLibraryService <init>
INFORMAZIONI: GameLibraryService inizializzato.
giu 29, 2026 11:43:46 PM com.gamelibrary.service.GameLibraryService shutdown
INFORMAZIONI: ExecutorService chiuso.
]]></system-err>
  </testcase>
  <testcase name="aggiungiGioco_conPersistenzaException_nonInterrompeApplicazione" classname="com.gamelibrary.service.GameLibraryServiceTest" time="0.004">
    <system-err><![CDATA[giu 29, 2026 11:43:46 PM com.gamelibrary.memento.CaretakerStorico <init>
INFORMAZIONI: CaretakerStorico inizializzato con limite massimo: 10
giu 29, 2026 11:43:46 PM com.gamelibrary.service.GameLibraryService <init>
INFORMAZIONI: GameLibraryService inizializzato.
giu 29, 2026 11:43:46 PM com.gamelibrary.factory.GameFactory crea
INFORMAZIONI: Tentativo di creazione gioco: titolo='Metroid', piattaforma=Nintendo, genere=Azione, anno=1986, voto=9
giu 29, 2026 11:43:46 PM com.gamelibrary.factory.GameFactory crea
INFORMAZIONI: Gioco creato con successo: Metroid (ID: 3d65bb21-c68f-40f5-927f-71b3780afc19)
giu 29, 2026 11:43:46 PM com.gamelibrary.service.GameLibraryService aggiungiGioco
INFORMAZIONI: Gioco aggiunto alla libreria: 'Metroid' (ID: 3d65bb21-c68f-40f5-927f-71b3780afc19)
giu 29, 2026 11:43:46 PM com.gamelibrary.service.GameLibraryService salvaAsync
INFORMAZIONI: Salvataggio in corso ...
giu 29, 2026 11:43:46 PM com.gamelibrary.service.GameLibraryService lambda$salvaAsync$0
GRAVE: Errore di salvataggio asincrono: Errore simulato di I/O
giu 29, 2026 11:43:46 PM com.gamelibrary.service.GameLibraryService shutdown
INFORMAZIONI: ExecutorService chiuso.
]]></system-err>
  </testcase>
  <testcase name="aggiungiGioco_chiamaSalvaInModoAsincrono" classname="com.gamelibrary.service.GameLibraryServiceTest" time="0.002">
    <system-err><![CDATA[giu 29, 2026 11:43:46 PM com.gamelibrary.memento.CaretakerStorico <init>
INFORMAZIONI: CaretakerStorico inizializzato con limite massimo: 10
giu 29, 2026 11:43:46 PM com.gamelibrary.service.GameLibraryService <init>
INFORMAZIONI: GameLibraryService inizializzato.
giu 29, 2026 11:43:46 PM com.gamelibrary.factory.GameFactory crea
INFORMAZIONI: Tentativo di creazione gioco: titolo='Mario', piattaforma=Nintendo, genere=Platform, anno=1985, voto=10
giu 29, 2026 11:43:46 PM com.gamelibrary.factory.GameFactory crea
INFORMAZIONI: Gioco creato con successo: Mario (ID: 289f43bf-21b8-4464-9c9f-87bb77c0a1e9)
giu 29, 2026 11:43:46 PM com.gamelibrary.service.GameLibraryService aggiungiGioco
INFORMAZIONI: Gioco aggiunto alla libreria: 'Mario' (ID: 289f43bf-21b8-4464-9c9f-87bb77c0a1e9)
giu 29, 2026 11:43:46 PM com.gamelibrary.service.GameLibraryService salvaAsync
INFORMAZIONI: Salvataggio in corso ...
giu 29, 2026 11:43:46 PM com.gamelibrary.service.GameLibraryService shutdown
INFORMAZIONI: ExecutorService chiuso.
giu 29, 2026 11:43:46 PM com.gamelibrary.service.GameLibraryService lambda$salvaAsync$0
INFORMAZIONI: Libreria salvata (async): 1 giochi.
]]></system-err>
  </testcase>
  <testcase name="rimuoviGiocoEsistente" classname="com.gamelibrary.service.GameLibraryServiceTest" time="0.003">
    <system-err><![CDATA[giu 29, 2026 11:43:46 PM com.gamelibrary.memento.CaretakerStorico <init>
INFORMAZIONI: CaretakerStorico inizializzato con limite massimo: 10
giu 29, 2026 11:43:46 PM com.gamelibrary.service.GameLibraryService <init>
INFORMAZIONI: GameLibraryService inizializzato.
giu 29, 2026 11:43:46 PM com.gamelibrary.factory.GameFactory crea
INFORMAZIONI: Tentativo di creazione gioco: titolo='Hollow Knight', piattaforma=Steam, genere=Platform, anno=2017, voto=9
giu 29, 2026 11:43:46 PM com.gamelibrary.factory.GameFactory crea
INFORMAZIONI: Gioco creato con successo: Hollow Knight (ID: 2bdd065b-2671-462c-9cca-94b0da3d4557)
giu 29, 2026 11:43:46 PM com.gamelibrary.service.GameLibraryService aggiungiGioco
INFORMAZIONI: Gioco aggiunto alla libreria: 'Hollow Knight' (ID: 2bdd065b-2671-462c-9cca-94b0da3d4557)
giu 29, 2026 11:43:46 PM com.gamelibrary.service.GameLibraryService salvaAsync
INFORMAZIONI: Salvataggio in corso ...
giu 29, 2026 11:43:46 PM com.gamelibrary.service.GameLibraryService lambda$salvaAsync$0
INFORMAZIONI: Libreria salvata (async): 0 giochi.
giu 29, 2026 11:43:46 PM com.gamelibrary.service.GameLibraryService rimuoviGioco
INFORMAZIONI: Gioco rimosso dalla libreria: 'Hollow Knight' (ID: 2bdd065b-2671-462c-9cca-94b0da3d4557)
giu 29, 2026 11:43:46 PM com.gamelibrary.service.GameLibraryService salvaAsync
INFORMAZIONI: Salvataggio in corso ...
giu 29, 2026 11:43:46 PM com.gamelibrary.service.GameLibraryService shutdown
INFORMAZIONI: ExecutorService chiuso.
giu 29, 2026 11:43:46 PM com.gamelibrary.service.GameLibraryService lambda$salvaAsync$0
INFORMAZIONI: Libreria salvata (async): 0 giochi.
]]></system-err>
  </testcase>
  <testcase name="rimuoviGiocoInesistente" classname="com.gamelibrary.service.GameLibraryServiceTest" time="0.001">
    <system-err><![CDATA[giu 29, 2026 11:43:46 PM com.gamelibrary.memento.CaretakerStorico <init>
INFORMAZIONI: CaretakerStorico inizializzato con limite massimo: 10
giu 29, 2026 11:43:46 PM com.gamelibrary.service.GameLibraryService <init>
INFORMAZIONI: GameLibraryService inizializzato.
giu 29, 2026 11:43:46 PM com.gamelibrary.service.GameLibraryService shutdown
INFORMAZIONI: ExecutorService chiuso.
]]></system-err>
  </testcase>
  <testcase name="cercaPerIdEsistente" classname="com.gamelibrary.service.GameLibraryServiceTest" time="0.002">
    <system-err><![CDATA[giu 29, 2026 11:43:46 PM com.gamelibrary.memento.CaretakerStorico <init>
INFORMAZIONI: CaretakerStorico inizializzato con limite massimo: 10
giu 29, 2026 11:43:46 PM com.gamelibrary.service.GameLibraryService <init>
INFORMAZIONI: GameLibraryService inizializzato.
giu 29, 2026 11:43:46 PM com.gamelibrary.factory.GameFactory crea
INFORMAZIONI: Tentativo di creazione gioco: titolo='Elden Ring', piattaforma=PlayStation, genere=RPG, anno=2022, voto=9
giu 29, 2026 11:43:46 PM com.gamelibrary.factory.GameFactory crea
INFORMAZIONI: Gioco creato con successo: Elden Ring (ID: 441dbe73-0d2b-410d-a883-f32d132af479)
giu 29, 2026 11:43:46 PM com.gamelibrary.service.GameLibraryService aggiungiGioco
INFORMAZIONI: Gioco aggiunto alla libreria: 'Elden Ring' (ID: 441dbe73-0d2b-410d-a883-f32d132af479)
giu 29, 2026 11:43:46 PM com.gamelibrary.service.GameLibraryService salvaAsync
INFORMAZIONI: Salvataggio in corso ...
giu 29, 2026 11:43:46 PM com.gamelibrary.service.GameLibraryService shutdown
INFORMAZIONI: ExecutorService chiuso.
giu 29, 2026 11:43:46 PM com.gamelibrary.service.GameLibraryService lambda$salvaAsync$0
INFORMAZIONI: Libreria salvata (async): 1 giochi.
]]></system-err>
  </testcase>
</testsuite>